<?xml version="1.0" encoding="UTF-8"?>
<!-- Generated by org.testng.reporters.JUnitReportReporter -->
<testsuite skipped="0" hostname="manzers-Air.lan1" name="NewTest" tests="1" failures="0" timestamp="2021-07-10T14:06:30 EDT" time="0.011" errors="0">
  <testcase name="f" time="0.011" classname="NewTest"/>
  <system-out/>
</testsuite> <!-- NewTest -->
